Removed Pin From Net: NetName=TxD Pin=J1-10
Removed Pin From Net: NetName=RxD Pin=J1-11
Removed Pin From Net: NetName=State Pin=J1-14
Removed Pin From Net: NetName=Key Pin=J1-15
Removed Pin From Net: NetName=Pote Pin=J1-35
Removed Pin From Net: NetName=Rele Pin=J1-39
Removed Pin From Net: NetName=State Pin=J2-1
Removed Pin From Net: NetName=RxD Pin=J2-2
Removed Pin From Net: NetName=TxD Pin=J2-3
Removed Pin From Net: NetName=GND Pin=J2-4
Removed Pin From Net: NetName=Key Pin=J2-6
Removed Pin From Net: NetName=GND Pin=J4-2
Removed Pin From Net: NetName=GND Pin=Q?-1
Removed Pin From Net: NetName=GND Pin=R1-1
Removed Pin From Net: NetName=GND Pin=R2-1
Removed Pin From Net: NetName=GND Pin=R3-1
Removed Pin From Net: NetName=GND Pin=R4-1
Removed Pin From Net: NetName=GND Pin=R5-1
Removed Pin From Net: NetName=GND Pin=R6-1
Removed Pin From Net: NetName=GND Pin=R7-1
Removed Pin From Net: NetName=GND Pin=R8-1
Removed Pin From Net: NetName=GND Pin=R9-1
Removed Pin From Net: NetName=GND Pin=R10-1
Removed Pin From Net: NetName=Pote Pin=R?-2
Removed Pin From Net: NetName=GND Pin=R?-3
Removed Pin From Net: NetName=GND Pin=U*1-2
Removed Member From Class: ClassName=Designator Member=*1
Removed Member From Class: ClassName=Designator Member=Q?
Removed Member From Class: ClassName=Designator Member=R?
Removed Member From Class: ClassName=Designator Member=U*1
Change Component Footprint: Designator=J2 Old Footprint=HC-05 New Footprint=Jack
Change Component Footprint: Designator=J4 Old Footprint=JACK New Footprint=rele
Change Component Footprint: Designator=D1 Old Footprint=LED New Footprint=LED 5MM
Change Component Footprint: Designator=D2 Old Footprint=LED New Footprint=LED 5MM
Change Component Footprint: Designator=D3 Old Footprint=LED New Footprint=LED 5MM
Change Component Footprint: Designator=D4 Old Footprint=LED New Footprint=LED 5MM
Change Component Footprint: Designator=D5 Old Footprint=LED New Footprint=LED 5MM
Change Component Footprint: Designator=D6 Old Footprint=LED New Footprint=LED 5MM
Change Component Footprint: Designator=D7 Old Footprint=LED New Footprint=LED 5MM
Change Component Footprint: Designator=D8 Old Footprint=LED New Footprint=LED 5MM
Change Component Footprint: Designator=D9 Old Footprint=LED New Footprint=LED 5MM
Change Component Footprint: Designator=D10 Old Footprint=LED New Footprint=LED 5MM
Change Component Comment : Designator=J2 Old Comment=Bluetooth New Comment=PJ-002A
Change Component Comment : Designator=C1 Old Comment=Capacitor Non Polarized_1 New Comment=1uf 25v
Change Component Comment : Designator=C2 Old Comment=Capacitor Non Polarized_1 New Comment=1uf 25v
Change Component Comment : Designator=J4 Old Comment=PJ-002A New Comment=Rele
Change Component Comment : Designator=R11 Old Comment=Resistor New Comment=1k5
Change Component Comment : Designator=R1 Old Comment=Resistor New Comment=330
Change Component Comment : Designator=R2 Old Comment=Resistor New Comment=330
Change Component Comment : Designator=R3 Old Comment=Resistor New Comment=330
Change Component Comment : Designator=R4 Old Comment=Resistor New Comment=330
Change Component Comment : Designator=R5 Old Comment=Resistor New Comment=330
Change Component Comment : Designator=R6 Old Comment=Resistor New Comment=330
Change Component Comment : Designator=R7 Old Comment=Resistor New Comment=330
Change Component Comment : Designator=R8 Old Comment=Resistor New Comment=330
Change Component Comment : Designator=R9 Old Comment=Resistor New Comment=330
Change Component Comment : Designator=R10 Old Comment=Resistor New Comment=330
Added Component: Designator=J5(Hc-05)
Added Component: Designator=Q1(Transistor)
Added Component: Designator=R12(POTE_9.5MM_PTV09-horizontal)
Added Component: Designator=U*(Regulador)
Added Pin To Net: NetName=GND Pin=D1-2
Added Pin To Net: NetName=GND Pin=D2-2
Added Pin To Net: NetName=GND Pin=D3-2
Added Pin To Net: NetName=GND Pin=D4-2
Added Pin To Net: NetName=GND Pin=D5-2
Added Pin To Net: NetName=GND Pin=D6-2
Added Pin To Net: NetName=GND Pin=D7-2
Added Pin To Net: NetName=GND Pin=D8-2
Added Pin To Net: NetName=GND Pin=D9-2
Added Pin To Net: NetName=GND Pin=D10-2
Added Pin To Net: NetName=Pote Pin=J1-1
Added Pin To Net: NetName=Rele Pin=J1-33
Added Pin To Net: NetName=Key Pin=J1-36
Added Pin To Net: NetName=TxD Pin=J1-37
Added Pin To Net: NetName=RxD Pin=J1-38
Added Pin To Net: NetName=State Pin=J1-39
Added Pin To Net: NetName=GND Pin=J2-2
Added Pin To Net: NetName=State Pin=J5-1
Added Pin To Net: NetName=RxD Pin=J5-2
Added Pin To Net: NetName=TxD Pin=J5-3
Added Pin To Net: NetName=GND Pin=J5-4
Added Pin To Net: NetName=Key Pin=J5-6
Added Pin To Net: NetName=GND Pin=Q1-1
Added Pin To Net: NetName=Pote Pin=R12-2
Added Pin To Net: NetName=GND Pin=R12-3
Added Pin To Net: NetName=GND Pin=U*-2
Added Pin To Net: NetName=1LED Pin=J1-2
Added Pin To Net: NetName=1LED Pin=R1-2
Added Net: Name=1LED
Added Pin To Net: NetName=2LED Pin=J1-3
Added Pin To Net: NetName=2LED Pin=R3-2
Added Net: Name=2LED
Added Pin To Net: NetName=3LED Pin=J1-4
Added Pin To Net: NetName=3LED Pin=R5-2
Added Net: Name=3LED
Added Pin To Net: NetName=3v3 Pin=C2-1
Added Pin To Net: NetName=3v3 Pin=D11-2
Added Pin To Net: NetName=3v3 Pin=J1-40
Added Pin To Net: NetName=3v3 Pin=J4-4
Added Pin To Net: NetName=3v3 Pin=J5-5
Added Pin To Net: NetName=3v3 Pin=R12-1
Added Pin To Net: NetName=3v3 Pin=U*-3
Added Net: Name=3v3
Added Pin To Net: NetName=4LED Pin=J1-5
Added Pin To Net: NetName=4LED Pin=R7-2
Added Net: Name=4LED
Added Pin To Net: NetName=5LED Pin=J1-6
Added Pin To Net: NetName=5LED Pin=R9-2
Added Net: Name=5LED
Added Pin To Net: NetName=6LED Pin=J1-7
Added Pin To Net: NetName=6LED Pin=R2-2
Added Net: Name=6LED
Added Pin To Net: NetName=7LED Pin=J1-8
Added Pin To Net: NetName=7LED Pin=R4-2
Added Net: Name=7LED
Added Pin To Net: NetName=8LED Pin=J1-9
Added Pin To Net: NetName=8LED Pin=R6-2
Added Net: Name=8LED
Added Pin To Net: NetName=9LED Pin=J1-10
Added Pin To Net: NetName=9LED Pin=R8-2
Added Net: Name=9LED
Added Pin To Net: NetName=10LED Pin=J1-11
Added Pin To Net: NetName=10LED Pin=R10-2
Added Net: Name=10LED
Added Pin To Net: NetName=NetD1_1 Pin=D1-1
Added Pin To Net: NetName=NetD1_1 Pin=R1-1
Added Net: Name=NetD1_1
Added Pin To Net: NetName=NetD2_1 Pin=D2-1
Added Pin To Net: NetName=NetD2_1 Pin=R2-1
Added Net: Name=NetD2_1
Added Pin To Net: NetName=NetD3_1 Pin=D3-1
Added Pin To Net: NetName=NetD3_1 Pin=R3-1
Added Net: Name=NetD3_1
Added Pin To Net: NetName=NetD4_1 Pin=D4-1
Added Pin To Net: NetName=NetD4_1 Pin=R4-1
Added Net: Name=NetD4_1
Added Pin To Net: NetName=NetD5_1 Pin=D5-1
Added Pin To Net: NetName=NetD5_1 Pin=R5-1
Added Net: Name=NetD5_1
Added Pin To Net: NetName=NetD6_1 Pin=D6-1
Added Pin To Net: NetName=NetD6_1 Pin=R6-1
Added Net: Name=NetD6_1
Added Pin To Net: NetName=NetD7_1 Pin=D7-1
Added Pin To Net: NetName=NetD7_1 Pin=R7-1
Added Net: Name=NetD7_1
Added Pin To Net: NetName=NetD8_1 Pin=D8-1
Added Pin To Net: NetName=NetD8_1 Pin=R8-1
Added Net: Name=NetD8_1
Added Pin To Net: NetName=NetD9_1 Pin=D9-1
Added Pin To Net: NetName=NetD9_1 Pin=R9-1
Added Net: Name=NetD9_1
Added Pin To Net: NetName=NetD10_1 Pin=D10-1
Added Pin To Net: NetName=NetD10_1 Pin=R10-1
Added Net: Name=NetD10_1
Added Pin To Net: NetName=NetD11_1 Pin=D11-1
Added Pin To Net: NetName=NetD11_1 Pin=J4-5
Added Pin To Net: NetName=NetD11_1 Pin=Q1-3
Added Net: Name=NetD11_1
Added Pin To Net: NetName=NetJ3_1 Pin=J4-1
Added Net: Name=NetJ3_1
Added Pin To Net: NetName=NetJ3_2 Pin=J4-2
Added Net: Name=NetJ3_2
Added Pin To Net: NetName=NetJ3_3 Pin=J4-3
Added Net: Name=NetJ3_3
Added Pin To Net: NetName=NetQ1_2 Pin=Q1-2
Added Pin To Net: NetName=NetQ1_2 Pin=R11-2
Added Net: Name=NetQ1_2
Added Pin To Net: NetName=VCC Pin=C1-1
Added Pin To Net: NetName=VCC Pin=J2-1
Added Pin To Net: NetName=VCC Pin=U*-1
Added Net: Name=VCC
Change Class Name : Old Net Name=Designator New Net Name=Perifericos
Change Class Name : Old Net Name=LPC845 New Net Name=LPC845BRK
Added Member To Class: ClassName=Perifericos Member=Component J5 Bluetooth
Added Member To Class: ClassName=Perifericos Member=Component Q1 BC817
Added Member To Class: ClassName=Perifericos Member=Component R12 R_potenciometro
Added Member To Class: ClassName=Perifericos Member=Component U* MPC16301
Added Rule: Name=Schematic Supply Nets_2
Added Rule: Name=Schematic Supply Nets_3
